<?xml version="1.0" encoding="UTF-8"?>
<!-- Generated by org.testng.reporters.JUnitXMLReporter -->
<testsuite ignored="0" hostname="Ashutosh" failures="0" tests="6" name="Default test" time="0.566" errors="0" timestamp="2023-01-06T19:10:48 IST">
  <testcase classname="utiles.excelData" name="test" time="0.007"/>
  <testcase classname="utiles.excelData" name="test" time="0.002"/>
  <testcase classname="utiles.excelData" name="test" time="0.001"/>
  <testcase classname="utiles.excelData" name="test" time="0.001"/>
  <testcase classname="utiles.excelData" name="test" time="0.003"/>
  <testcase classname="utiles.excelData" name="test" time="0.001"/>
</testsuite> <!-- Default test -->
