<?xml version="1.0" encoding="UTF-8"?>
<!-- Generated by org.testng.reporters.JUnitXMLReporter -->
<testsuite ignored="0" hostname="Ashutosh" failures="0" tests="8" name="Test" time="0.561" errors="0" timestamp="2023-03-11T11:57:16 IST">
  <testcase classname="demo.ExceldataRead" name="readdata" time="0.008"/>
  <testcase classname="demo.ExceldataRead" name="readdata" time="0.002"/>
  <testcase classname="demo.ExceldataRead" name="readdata" time="0.002"/>
  <testcase classname="demo.ExceldataRead" name="readdata" time="0.005"/>
  <testcase classname="demo.ExceldataRead" name="readdata" time="0.004"/>
  <testcase classname="demo.ExceldataRead" name="demo" time="0.004"/>
  <testcase classname="demo.ExceldataRead" name="demo" time="0.001"/>
  <testcase classname="demo.ExceldataRead" name="demo" time="0.001"/>
</testsuite> <!-- Test -->
