<?xml version="1.0" encoding="UTF-8"?>
<testng-results ignored="0" total="6" passed="6" failed="0" skipped="0">
  <reporter-output>
  </reporter-output>
  <suite started-at="2023-01-06T19:10:47 IST" name="Default suite" finished-at="2023-01-06T19:10:48 IST" duration-ms="566">
    <groups>
    </groups>
    <test started-at="2023-01-06T19:10:47 IST" name="Default test" finished-at="2023-01-06T19:10:48 IST" duration-ms="566">
      <class name="utiles.excelData">
        <test-method signature="test(java.lang.String,java.lang.String)[pri:0, instance:utiles.excelData@5af3afd9]" started-at="2023-01-06T19:10:47 IST" name="test" data-provider="data" finished-at="2023-01-06T19:10:47 IST" duration-ms="7" status="PASS">
          <params>
            <param index="0">
              <value>
                <![CDATA[ashu]]>
              </value>
            </param>
            <param index="1">
              <value>
                <![CDATA[12345]]>
              </value>
            </param>
          </params>
          <reporter-output>
          </reporter-output>
        </test-method> <!-- test -->
        <test-method signature="test(java.lang.String,java.lang.String)[pri:0, instance:utiles.excelData@5af3afd9]" started-at="2023-01-06T19:10:47 IST" name="test" data-provider="data" finished-at="2023-01-06T19:10:47 IST" duration-ms="2" status="PASS">
          <params>
            <param index="0">
              <value>
                <![CDATA[data]]>
              </value>
            </param>
            <param index="1">
              <value>
                <![CDATA[8888]]>
              </value>
            </param>
          </params>
          <reporter-output>
          </reporter-output>
        </test-method> <!-- test -->
        <test-method signature="test(java.lang.String,java.lang.String)[pri:0, instance:utiles.excelData@5af3afd9]" started-at="2023-01-06T19:10:47 IST" name="test" data-provider="data" finished-at="2023-01-06T19:10:47 IST" duration-ms="1" status="PASS">
          <params>
            <param index="0">
              <value>
                <![CDATA[ravi]]>
              </value>
            </param>
            <param index="1">
              <value>
                <![CDATA[23445]]>
              </value>
            </param>
          </params>
          <reporter-output>
          </reporter-output>
        </test-method> <!-- test -->
        <test-method signature="test(java.lang.String,java.lang.String)[pri:0, instance:utiles.excelData@5af3afd9]" started-at="2023-01-06T19:10:47 IST" name="test" data-provider="data" finished-at="2023-01-06T19:10:47 IST" duration-ms="1" status="PASS">
          <params>
            <param index="0">
              <value>
                <![CDATA[tsud]]>
              </value>
            </param>
            <param index="1">
              <value>
                <![CDATA[68668]]>
              </value>
            </param>
          </params>
          <reporter-output>
          </reporter-output>
        </test-method> <!-- test -->
        <test-method signature="test(java.lang.String,java.lang.String)[pri:0, instance:utiles.excelData@5af3afd9]" started-at="2023-01-06T19:10:47 IST" name="test" data-provider="data" finished-at="2023-01-06T19:10:47 IST" duration-ms="3" status="PASS">
          <params>
            <param index="0">
              <value>
                <![CDATA[dn]]>
              </value>
            </param>
            <param index="1">
              <value>
                <![CDATA[63755]]>
              </value>
            </param>
          </params>
          <reporter-output>
          </reporter-output>
        </test-method> <!-- test -->
        <test-method signature="test(java.lang.String,java.lang.String)[pri:0, instance:utiles.excelData@5af3afd9]" started-at="2023-01-06T19:10:47 IST" name="test" data-provider="data" finished-at="2023-01-06T19:10:48 IST" duration-ms="1" status="PASS">
          <params>
            <param index="0">
              <value>
                <![CDATA[Admin]]>
              </value>
            </param>
            <param index="1">
              <value>
                <![CDATA[admin123]]>
              </value>
            </param>
          </params>
          <reporter-output>
          </reporter-output>
        </test-method> <!-- test -->
      </class> <!-- utiles.excelData -->
    </test> <!-- Default test -->
  </suite> <!-- Default suite -->
</testng-results>
